16:38:44: Creating resource group General
16:38:44: Creating resource group Internal
16:38:44: Creating resource group Autodetect
16:38:44: SceneManagerFactory for type 'DefaultSceneManager' registered.
16:38:44: Registering ResourceManager for type Material
16:38:44: Registering ResourceManager for type Mesh
16:38:44: Registering ResourceManager for type Skeleton
16:38:44: MovableObjectFactory for type 'ParticleSystem' registered.
16:38:44: ArchiveFactory for archive type FileSystem registered.
16:38:44: ArchiveFactory for archive type Zip registered.
16:38:44: ArchiveFactory for archive type EmbeddedZip registered.
16:38:44: DDS codec registering
16:38:44: FreeImage version: 3.15.3
16:38:44: This program uses FreeImage, a free, open source image library supporting all common bitmap formats. See http://freeimage.sourceforge.net for details
16:38:44: Supported formats: bmp,ico,jpg,jif,jpeg,jpe,jng,koa,iff,lbm,mng,pbm,pbm,pcd,pcx,pgm,pgm,png,ppm,ppm,ras,tga,targa,tif,tiff,wap,wbmp,wbm,psd,cut,xbm,xpm,gif,hdr,g3,sgi,exr,j2k,j2c,jp2,pfm,pct,pict,pic,3fr,arw,bay,bmq,cap,cine,cr2,crw,cs1,dc2,dcr,drf,dsc,dng,erf,fff,ia,iiq,k25,kc2,kdc,mdc,mef,mos,mrw,nef,nrw,orf,pef,ptx,pxn,qtk,raf,raw,rdc,rw2,rwl,rwz,sr2,srf,srw,sti
16:38:44: Registering ResourceManager for type HighLevelGpuProgram
16:38:44: Registering ResourceManager for type Compositor
16:38:44: MovableObjectFactory for type 'Entity' registered.
16:38:44: MovableObjectFactory for type 'Light' registered.
16:38:44: MovableObjectFactory for type 'BillboardSet' registered.
16:38:44: MovableObjectFactory for type 'ManualObject' registered.
16:38:44: MovableObjectFactory for type 'BillboardChain' registered.
16:38:44: MovableObjectFactory for type 'RibbonTrail' registered.
16:38:44: OGRE EXCEPTION(6:FileNotFoundException): 'plugins_d.cfg' file not found! in ConfigFile::load at ..\..\..\..\OgreMain\src\OgreConfigFile.cpp (line 82)
16:38:44: plugins_d.cfg not found, automatic plugin loading disabled.
16:38:44: *-*-* OGRE Initialising
16:38:44: *-*-* Version 1.9.0 (Ghadamon)
16:38:44: OGRE EXCEPTION(6:FileNotFoundException): 'resources_d.cfg' file not found! in ConfigFile::load at ..\..\..\..\OgreMain\src\OgreConfigFile.cpp (line 82)
16:38:44: *-*-* OGRE Shutdown
16:38:44: Unregistering ResourceManager for type Compositor
16:38:44: Unregistering ResourceManager for type Skeleton
16:38:44: Unregistering ResourceManager for type Mesh
16:38:44: Unregistering ResourceManager for type HighLevelGpuProgram
16:38:44: Unregistering ResourceManager for type Material
