09:13:37: Creating resource group General
09:13:37: Creating resource group Internal
09:13:37: Creating resource group Autodetect
09:13:37: SceneManagerFactory for type 'DefaultSceneManager' registered.
09:13:37: Registering ResourceManager for type Material
09:13:37: Registering ResourceManager for type Mesh
09:13:37: Registering ResourceManager for type Skeleton
09:13:37: MovableObjectFactory for type 'ParticleSystem' registered.
09:13:37: ArchiveFactory for archive type FileSystem registered.
09:13:37: ArchiveFactory for archive type Zip registered.
09:13:37: ArchiveFactory for archive type EmbeddedZip registered.
09:13:37: DDS codec registering
09:13:37: FreeImage version: 3.15.3
09:13:37: This program uses FreeImage, a free, open source image library supporting all common bitmap formats. See http://freeimage.sourceforge.net for details
09:13:37: Supported formats: bmp,ico,jpg,jif,jpeg,jpe,jng,koa,iff,lbm,mng,pbm,pbm,pcd,pcx,pgm,pgm,png,ppm,ppm,ras,tga,targa,tif,tiff,wap,wbmp,wbm,psd,cut,xbm,xpm,gif,hdr,g3,sgi,exr,j2k,j2c,jp2,pfm,pct,pict,pic,3fr,arw,bay,bmq,cap,cine,cr2,crw,cs1,dc2,dcr,drf,dsc,dng,erf,fff,ia,iiq,k25,kc2,kdc,mdc,mef,mos,mrw,nef,nrw,orf,pef,ptx,pxn,qtk,raf,raw,rdc,rw2,rwl,rwz,sr2,srf,srw,sti
09:13:37: Registering ResourceManager for type HighLevelGpuProgram
09:13:37: Registering ResourceManager for type Compositor
09:13:37: MovableObjectFactory for type 'Entity' registered.
09:13:37: MovableObjectFactory for type 'Light' registered.
09:13:37: MovableObjectFactory for type 'BillboardSet' registered.
09:13:37: MovableObjectFactory for type 'ManualObject' registered.
09:13:37: MovableObjectFactory for type 'BillboardChain' registered.
09:13:37: MovableObjectFactory for type 'RibbonTrail' registered.
09:13:37: OGRE EXCEPTION(6:FileNotFoundException): 'plugins_d.cfg' file not found! in ConfigFile::load at ..\..\..\..\OgreMain\src\OgreConfigFile.cpp (line 82)
09:13:37: plugins_d.cfg not found, automatic plugin loading disabled.
09:13:37: *-*-* OGRE Initialising
09:13:37: *-*-* Version 1.9.0 (Ghadamon)
09:13:37: OGRE EXCEPTION(6:FileNotFoundException): 'resources_d.cfg' file not found! in ConfigFile::load at ..\..\..\..\OgreMain\src\OgreConfigFile.cpp (line 82)
