23:01:52: Creating resource group General
23:01:52: Creating resource group Internal
23:01:52: Creating resource group Autodetect
23:01:52: Registering ResourceManager for type Mesh
23:01:52: Registering ResourceManager for type Material
23:01:52: Registering ResourceManager for type Skeleton
23:01:53: XMLMeshSerializer reading mesh data from C:\MonOrdinateur\Programmation\projets\AvecOgre\z_tutoriauxParMoi\media\mesh\MonsterHead.mesh.xml...
23:01:53: Reading submeshes...
23:01:53: Reading geometry...
23:01:53: Geometry done...
23:01:53: Submeshes done.
23:01:53: Reading mesh names...
23:01:53: Mesh names done.
23:01:53: XMLMeshSerializer import successful.
23:01:53: Reorganising vertex buffers to automatic layout..
23:01:53: MeshSerializer writing mesh data to C:\MonOrdinateur\Programmation\projets\AvecOgre\z_tutoriauxParMoi\media\mesh\MonsterHead.mesh...
23:01:53: File header written.
23:01:53: Writing mesh data...
23:01:53: Writing submesh...
23:01:53: Exporting submesh texture aliases...
23:01:53: Submesh texture aliases exported.
23:01:53: Submesh exported.
23:01:53: Exporting bounds information....
23:01:53: Bounds information exported.
23:01:53: Exporting submesh name table...
23:01:53: Submesh name table exported.
23:01:53: Exporting edge lists...
23:01:53: Edge lists exported
23:01:53: Mesh data exported.
23:01:53: MeshSerializer export successful.
23:01:53: Unregistering ResourceManager for type Skeleton
23:01:53: Unregistering ResourceManager for type Material
23:01:53: Unregistering ResourceManager for type Mesh
