15:01:50: Creating resource group General
15:01:50: Creating resource group Internal
15:01:50: Creating resource group Autodetect
15:01:50: SceneManagerFactory for type 'DefaultSceneManager' registered.
15:01:50: Registering ResourceManager for type Material
15:01:50: Registering ResourceManager for type Mesh
15:01:50: Registering ResourceManager for type Skeleton
15:01:50: MovableObjectFactory for type 'ParticleSystem' registered.
15:01:50: ArchiveFactory for archive type FileSystem registered.
15:01:50: ArchiveFactory for archive type Zip registered.
15:01:50: ArchiveFactory for archive type EmbeddedZip registered.
15:01:50: DDS codec registering
15:01:50: FreeImage version: 3.15.3
15:01:50: This program uses FreeImage, a free, open source image library supporting all common bitmap formats. See http://freeimage.sourceforge.net for details
15:01:50: Supported formats: bmp,ico,jpg,jif,jpeg,jpe,jng,koa,iff,lbm,mng,pbm,pbm,pcd,pcx,pgm,pgm,png,ppm,ppm,ras,tga,targa,tif,tiff,wap,wbmp,wbm,psd,cut,xbm,xpm,gif,hdr,g3,sgi,exr,j2k,j2c,jp2,pfm,pct,pict,pic,3fr,arw,bay,bmq,cap,cine,cr2,crw,cs1,dc2,dcr,drf,dsc,dng,erf,fff,ia,iiq,k25,kc2,kdc,mdc,mef,mos,mrw,nef,nrw,orf,pef,ptx,pxn,qtk,raf,raw,rdc,rw2,rwl,rwz,sr2,srf,srw,sti
15:01:50: Registering ResourceManager for type HighLevelGpuProgram
15:01:50: Registering ResourceManager for type Compositor
15:01:50: MovableObjectFactory for type 'Entity' registered.
15:01:50: MovableObjectFactory for type 'Light' registered.
15:01:50: MovableObjectFactory for type 'BillboardSet' registered.
15:01:50: MovableObjectFactory for type 'ManualObject' registered.
15:01:50: MovableObjectFactory for type 'BillboardChain' registered.
15:01:50: MovableObjectFactory for type 'RibbonTrail' registered.
15:01:50: OGRE EXCEPTION(6:FileNotFoundException): 'plugins_d.cfg' file not found! in ConfigFile::load at ..\..\..\..\OgreMain\src\OgreConfigFile.cpp (line 82)
15:01:50: plugins_d.cfg not found, automatic plugin loading disabled.
15:01:50: *-*-* OGRE Initialising
15:01:50: *-*-* Version 1.9.0 (Ghadamon)
15:01:50: OGRE EXCEPTION(6:FileNotFoundException): 'resources_d.cfg' file not found! in ConfigFile::load at ..\..\..\..\OgreMain\src\OgreConfigFile.cpp (line 82)
15:01:50: *-*-* OGRE Shutdown
15:01:50: Unregistering ResourceManager for type Compositor
15:01:50: Unregistering ResourceManager for type Skeleton
15:01:50: Unregistering ResourceManager for type Mesh
15:01:50: Unregistering ResourceManager for type HighLevelGpuProgram
15:01:50: Unregistering ResourceManager for type Material
