10:43:46: Creating resource group General
10:43:46: Creating resource group Internal
10:43:46: Creating resource group Autodetect
10:43:46: SceneManagerFactory for type 'DefaultSceneManager' registered.
10:43:46: Registering ResourceManager for type Material
10:43:46: Registering ResourceManager for type Mesh
10:43:46: Registering ResourceManager for type Skeleton
10:43:46: MovableObjectFactory for type 'ParticleSystem' registered.
10:43:46: ArchiveFactory for archive type FileSystem registered.
10:43:46: ArchiveFactory for archive type Zip registered.
10:43:46: ArchiveFactory for archive type EmbeddedZip registered.
10:43:46: DDS codec registering
10:43:46: FreeImage version: 3.15.3
10:43:46: This program uses FreeImage, a free, open source image library supporting all common bitmap formats. See http://freeimage.sourceforge.net for details
10:43:46: Supported formats: bmp,ico,jpg,jif,jpeg,jpe,jng,koa,iff,lbm,mng,pbm,pbm,pcd,pcx,pgm,pgm,png,ppm,ppm,ras,tga,targa,tif,tiff,wap,wbmp,wbm,psd,cut,xbm,xpm,gif,hdr,g3,sgi,exr,j2k,j2c,jp2,pfm,pct,pict,pic,3fr,arw,bay,bmq,cap,cine,cr2,crw,cs1,dc2,dcr,drf,dsc,dng,erf,fff,ia,iiq,k25,kc2,kdc,mdc,mef,mos,mrw,nef,nrw,orf,pef,ptx,pxn,qtk,raf,raw,rdc,rw2,rwl,rwz,sr2,srf,srw,sti
10:43:46: Registering ResourceManager for type HighLevelGpuProgram
10:43:46: Registering ResourceManager for type Compositor
10:43:46: MovableObjectFactory for type 'Entity' registered.
10:43:46: MovableObjectFactory for type 'Light' registered.
10:43:46: MovableObjectFactory for type 'BillboardSet' registered.
10:43:46: MovableObjectFactory for type 'ManualObject' registered.
10:43:46: MovableObjectFactory for type 'BillboardChain' registered.
10:43:46: MovableObjectFactory for type 'RibbonTrail' registered.
10:43:46: OGRE EXCEPTION(6:FileNotFoundException): 'plugins_d.cfg' file not found! in ConfigFile::load at ..\..\..\..\OgreMain\src\OgreConfigFile.cpp (line 82)
10:43:46: plugins_d.cfg not found, automatic plugin loading disabled.
10:43:46: *-*-* OGRE Initialising
10:43:46: *-*-* Version 1.9.0 (Ghadamon)
10:43:46: OGRE EXCEPTION(6:FileNotFoundException): 'resources_d.cfg' file not found! in ConfigFile::load at ..\..\..\..\OgreMain\src\OgreConfigFile.cpp (line 82)
10:43:46: *-*-* OGRE Shutdown
10:43:46: Unregistering ResourceManager for type Compositor
10:43:46: Unregistering ResourceManager for type Skeleton
10:43:46: Unregistering ResourceManager for type Mesh
10:43:46: Unregistering ResourceManager for type HighLevelGpuProgram
10:43:46: Unregistering ResourceManager for type Material
